碎斑 含量 92～95% 。
资料 显示 ， 调查区 地震动 峰值加速度 为 0.1～0.15g ， 相当 于 地震 基本 烈度 Ⅶ度 。
基质 由 石英 、 长石 、 黑云母 组成 ， 粒径 1～1.5mm ， 石英 呈 它形粒状 ， 具 波状消光 。
根据 岩石 结构 特点 和 形变 强度 ， 大致 可 分为 三个 带 ： A 、 糜棱岩化混合片麻岩带 ， 位于 韧性剪切带 的 南东侧 ， 宽 约 500～700m ， 其中 长英质矿物 多 已 压扁 拉长 呈 眼球状 或 透镜状 ， 石英 具 波状消光 ， 片状黑云母 具 定向排列 ， 同时 可见 滑动片理 ； B 、 糜棱岩化花岗岩质混合片麻岩带 ，
黑云花岗闪长岩 主要 由 向坊幅牛岭岩体 向 北东 延伸 至 南昌市规划区 。
其 岩石 类型 为 中细粒含斑黑云花岗闪长岩 （ 图 3 - 4 ） ， 呈 岩株状 产出 。
总体 呈 40° 方向 展布 。
与 上覆 南华系桥头组 （ Nhq ） 呈 平行不整合接触 。
水南组 是 莱阳盆地 发育 鼎盛 时期 的 产物 ， 是 莱阳群 的 代表层位 。
莱阳市龙旺庄镇-万第镇 一带 ， 八亩地组 整合 于 后夼组 之上 或 角度 不 整合 于 莱阳群曲格庄组 之上 ， 与 石前庄组整合接触 或 与 王氏群林家庄组不整合接触 ， 厚度 276.88m ； 岩性 主要 为 安山岩 、 玄武岩 、 玄武安山岩 、 安山质集块角砾岩 、 凝灰岩 等 。
荆山群 变质年龄 数值 集中 于 1800～2182Ma 间 ， 由此 说明 荆山群属 古元古代 。
冲积层 （ Qpal ） 分布 在 西部 平原区 下部 ， 以 太子河扇 为 主体 的 冲积扇 ， 堆积 于 中更新统 之上 。
4 . 沧口断裂 。
主要 由于 在 不同 方向 节理切割 下 ， 分割 成 众多 多面体 的 小块 ； 在 温度 、 水溶液 及 气体 等 因素 长 时间作用 下 ， 岩体 其 棱角 逐渐 圆化 ， 变成 球形 或 椭球形 。
石英 具 拔丝构造 和 核幔构造 。
3 、 细粒白云母二长花岗岩 ( ηγJ21-1 ) 。
呈 北东向 展布 ， 出露 面积 62.05km2 ， 占 规划区 境内 规划区 的 总 面积 4.43% 。
大麻湾 附近 断裂 西盘岩层 倾向 南南西 ， 东盘岩层 倾向 西 。
断层 总体 走向 北北西 ， 据 有关 物探资料 推断 ， 倾向 北东 ， 倾角 较陡 . 其中 赢上～江西造船厂 一带 ， 据 遥感影象解译 ， 它 主要 控制 着 问流 、 湖泊 的 展布 ， 同时 在 Mss7卫星象片 上 反映 为 一条 深色赋水带 ； 杨家洲～板溪 一带 ， 它 明显 地 控制 了 三条 细小 河道 的 同步直角拐弯 ； 浒南村～蛟溪村 。
二者 均 分布 于 黄岛区黄山镇 一带 。
碎斑 含量 55～65% ， 主要 为 斜长石 、 石英 和 少量 黑云母 ， 呈 眼球状 ， 大小 0.2×0.4毫米～1×4毫米 。
断层 主体 走向 40° 左右 ， 局部 走向 变化 于 20～70° 之间 ， 在 规划区 内 延伸 长 约 10km 。
中全新统 以 冲积层 （ Qh2al ） 为主 ， 分布 在 现代河床 主槽 一侧 或 两侧 ， 多 呈 带状分布 。
硅化 石英 呈 镶嵌粒状 ， 半自形板条状 ， 部分 呈 微粒状 ， 粒径 大小 不一 ， 且 分布 不 均匀 ， 粒径 0.03～1.5mm ， 呈 半自形柱粒状变晶结构 。
（ 四 ） 北北东向 断裂 。
带 内 多 发育 有 构造角砾岩 、 碎裂岩 及 褐铁矿化 、 绿泥石化 、 硅化 等 动力变质岩 和 多样性 的 蚀变现象 。
石英 呈 它形粒状 ， 波状消光 普遍 ， 具 重结晶现象 ， 粒径 2.4～3.2mm 。
斑晶斜长石 呈 半自形板状 ， 长径 2～2.5mm ， 具 弱绢云母化 ； 基质 呈 细粒花岗结构 ， 其中 钾长石 呈 他形—半自形板状 ， 长径 0.3～1.2mm ， 为 微斜长石 及 微斜条纹长石 ， 具 微弱泥化 ； 斜长石 呈 半自形板状 ， 长径 0.2～1.5mm ， 具 微弱粘土化 ； 石英 呈 他形粒状 ， 粒径 。
岩性 主要 为 灰白-黑灰色条带状方解大理岩 、 灰绿色斜长片麻岩 、 二长变粒岩 及 灰白色白云石大理岩 。
3 . 近岸断裂带 。
2 . 洛戈庄断裂 。
主要 分布 在 张家—三甲—小汪家 一带 。
泰安组 在 平面 上 与 沂河组 呈 相变关系 。
航卫片 上 均 反映 为 北侧 浅色调 与 南侧 较 深色调 截然分界线 。
自下而上 分为 二段 ， 下部 为 祥山变粒岩段 ， 上部 为 定国寺大理岩段 。
下部 岩性 为 黄绿色粉砂质页岩 、 薄-微薄层细粒石英砂岩夹薄层泥灰岩透镜体 ， 中部 浅灰色薄-中厚层泥灰岩夹灰绿色粉砂质页岩 ， 上部 为 灰紫色 、 灰绿色粉砂质页岩夹薄层细粒石英砂岩 ， 发育 震积岩 和 滑塌砾岩 。
工作区 北西向 断裂 可 进一步 分为 两组 ： 一 组 呈 280°~290° 走向 ， 见 有田村 、 太平庄 、 蔚竹庵 、 石老人 等 断裂 ， 规模 小 ， 长 1~6km ， 以 张性 为主 ， 个别 （ 如 太平庄断裂 ） 呈 左行压扭 。
由于 受 后期 韧性变形作用 ， 片状矿物 聚集 成 条带状 ， 而 围绕 长英质矿物 定向 排列 。
2 、 似斑状黑母二长花岗岩 ( ηγJ21-2 ) 。
岩性 为 分选性 良好 的 细砂 、 粉砂 ， 有时 含 粘土 、 少量 中砂粒级 以上 颗粒 ， 截面 常见 风成斜层理 。
厚度 一般 为 30～100m 之间 ， 最厚 达 174m ， 并 有 由 南向北 逐渐 加厚 的 趋势 ; 中部 以 紫红色钙质粉砂岩 为主 ， 中 夹 灰绿色含钙泥岩 ， 厚 约 50～200m ; 上部 以 紫红色含钙粉砂岩 与 灰绿色含钙泥岩 为主 ， 厚度 变化 甚大 ， 厚 约 0～282m 。
动力变质岩 ， 按 成因 分为 鞍山旋回动力变质岩 和 吕梁旋回动力变质岩 。
根据 他们 的 野外接触关系 ， 地质特征 和 地球化学特征 ， 最后 将 这 三个 岩性 归并 为 九岭序列 。
斑晶 ： 斜长石 3% ， 基质 ： 斜长石 20% ； 钾长石 52% ； 石英 23% ； 黑云母 2% ， 锆石 少量 。
主要 表现 为 南东向 北西向 逆冲 的 缓倾斜断层 。
分布 范围 基本 与 崮山组 相同 ， 厚 50～80m 。
以 区 内 实际 的 钻孔 及 浅地层剖面资料 为 基础 ， 结合 其它 研究 的 成果 ， 根据 国际地层委员会 （ ICS ） 的 划分 ， 综合地层剖面 可 归纳 为 图 2 - 7 所示 ， 更新统 与 全新统 的 界线 为 11.5ka 。
变质表壳岩 组合 与 其 对应 的 荆山群同位素 年龄 大致 集中 在 1800~2500Ma ， 推测 该 变质表壳岩 组合 形成 于 古元古代 。
从 岩石 变形 的 微观特点 来看 ， 动力变质岩 可 分为 两种类型 ， 一 是 片岩类 ； 而 是 糜棱岩系岩石类 。
四 、 基性～超基性岩类 。
区 内 古元古代地层 发育 有 荆山群 及 胶南变质表壳岩 组合 ， 主要 零星 分布 于 黄岛区黄山镇 一带 。
据 遥感影像解译 和 地球物理资料 的 综合分析 ， 南昌断陷盆地 中 发育 有 多 组 隐伏 或 半隐伏断裂 。
英云闪长岩 主要 由 出露 于 规划区 中西部 张家 ， 南源 一带 ， 在 本 规划区 内 出露 面积 27.28km2 ， 约 占 规划区 总 面积 的 1.95％ 。
主要 包括 桃村断裂 、 郭城断裂 、 朱吴断裂 、 海阳断裂 。
区 内 较为 发育 ， 多 埋藏 在 平原 下部 的 近 山前地带 ， 在 东部 山区 河谷 高阶地 亦 有 零星 分布 。
主要 分布 于 弓长岭汤河水库 一带 、 上麻屯 至 水泉村 、 黑牛庄 一带 ， 最大 厚度 980m 。
三 、 变质岩 。
后期 受 梅岭花岗闪长岩 边缘 交代混合作用 和 韧性剪切 双重 强烈 改造 而 成 的 片麻岩 ， 经 风化 后 ， 呈 厚层 、 疏松 、 多孔 、 质地 之 风化片麻岩 ， 厚度 大于 264m 。
是 一 条 经过 长期 多次 活动 的 断层 或 断裂带 。
（ 2 ） 构造片岩类 。
为 一套 河湖相紫红色碎屑岩 建造 。
熊家岭-小汪家断层 ： 出露 于 基岩 地区 的 熊家岭—小汪家 一带 。
是 全省 最 重要 、 沉积 厚度 最大 的 晚古代 以来 的 沉降带 。
胶州组 的 形成 环境 以 浅湖相 为主 ， 局部 河流相 ， 与 金岗口组 极其 相似 。
据 水文地质大队 搜集 的 长江水利委员会 二等 水准测量资料 ， 环波阳湖 有 两期 测量 成果 ， 第一期 成果 自 1955年 至1956年 施测 ， 第二期 成果 自 1973年5月 至 1977年6月 施测 ， 结果 表明 ， 昌北乐化地区 1955年 至 1977年 间 平均 上升 速率 为 +0.105mm /年 。
详细 见 “第三节第四纪地质 ” 描述 。
岩性 主要 为 灰色中细砂 、 灰白色中粗砂含砾 、 深灰色细砂含砾 。
（ 三 ） 上元古界 。
（ 3 ） 断裂 性质 及 活动 期次 。
粒度成分 “下粗上细” ， 颗粒 中间 充填 砂土 、 粘性土 ， 以 基底式-空隙式充填 为主 ， 物质 成分 以 花岗岩 、 火山杂岩 为主 ， 且 水平层理 和 斜层理 。
3 、 止凤庄组 （ Kz^ ） 分布 范围 较 广 ， 主要 集中 于 莱阳市 、 海阳市 一带 ， 在 即墨田横岛 一带 等 亦 有 出露 。
上全新统冲积层 （ Qh3al ） 为主 ， 分布 在 现代河流河床 中 。
中更新世 ， 由于 西部 相对 缓慢 抬升 ， 古赣江河道 已 向 东 迁移 至 广福 、 向塘 、 罗家集 及 两山口 一带 ， 至于 新建县后湖 地区 的 中更新统进贤组砾石层 ， 可能 为 当时 赣江 支流 的 沉积物 。
区域 断裂 名称 为 芝兰庄-南庄断裂 ， 有 报告 也 称作 程戈庄-城阳断裂 ， 总 长度 大于 32.5km ， 宽 > 6m 。
具 辉长辉绿结构 和 块状构造 。
（ 一 ） 中度切割 的 中山区 。
第四节 ， 区域地质构造 。
一 、 区域 大地构造位置 。
（ 六 ） 中生界 。
从 断裂带 内 的 岩性 和 断裂带 空间 位置 及 切割 的 地质体 分析 ， 区 内 北北东向 断裂 并非 同步 形成 ， 而 具有 多期性 。
8 . 塔山-苗家断裂 。
该 辉长岩体 节理 较少 ， 块度 较大 ， 成荒率 较高 ， 是 良好 的 饰面石料 。
三 、 新生代地层 。
王氏群 主要 分布 于 莱阳市-莱西市-段泊岚-胶州市 一带 ， 广布 于 整个 胶莱盆地 ， 出露 规模 较大 ； 区域 上 分布 稳定 ； 由 下 至 上 划分 为 林家庄组 、 辛格庄组 、 红土崖组 、 金岗口组 、 胶州组 5个 组 。
基质 含量 5～8% ， 以 绢云母 、 白云母 和 黑云母 为主 ， 长英质矿物 少量 ， 呈 条带状定向 断续 分布 于 岩石 中 ， 构成 Sc面理 。
分布 在 文圣小屯 、 梅花岭 及 灯塔田官屯 、 甜水峪水库 周边 ， 厚度 ＞ 160m 。
14C年代学标志 ： 14C年龄测试 为 更新统 及 全新统 的 划分 提供 了 准确 的 数据 ， 测试样品 以 黑色有机质淤泥 、 贝壳类 及 钙质结核 为主 ， 贝壳类 包括 完整 或 有 磨损 的 贝壳 及 牡蛎 ， 钙质结核矿物 成分 主要 为 方解石 、 不含文石 和 高镁方解石 ， 化学成分 以 富钙 、 贫镁 、 Sr/Ba比值 小于 1 为 特征 ， 是 在 陆地条件 下 由 地表水 的 渗透 、 淋溶 与 毛细管作用 形成 的 ， 同位素 年龄 为 1.9~3.0万年 。
黑云母 呈 片状 ， 具 绿泥石化 ， 白云母 多 充填 于 岩石裂隙 中 。
东部 为 赣抚冲积平原 ， 地势 平坦 ， 水网 交织 ， 湖泊 棋布 ， 地面 标高 多 在 20m 以下 。
三 、 韧性剪切变形构造 。
与 桥头组 分布 范围 基本 相同 。
北西向 断裂 总 的 看来 ， 发育 不 及 北北东向 断裂 和 北东向 断裂 那样 广泛 、 集中 ， 其 规模 一般 来说 也 比较 小 ， 但 它 在 图面 上 仍 有 较多 的 分布 ， 特别 是 在 胶莱盆地 中西部 较 发育 ， 向 东 减弱 。
断裂 呈 近 东西向 分布 于 胶州市区 北东侧 ， 在 胶州城 西 被 第四系 覆盖 ， 向 东 在 南庄 附近 被 近 北北东向 大沽河断裂错断 ， 东端 延 至 城阳 。
其 主体 构造 呈 北东东向 。
从 该 方位 断裂 与 其它 断裂 的 相互切割关系 及 综合分析 ， 虽 有 早 有 晚 ， 但 它 基本 是 属于 最 晚期 的 一 期 断裂构造 ， 或 切割 其它 断裂 ， 或 被 其它 断裂 限制 。
在 灯塔市西大窑 甜水峪南山 发现 Calvinella碎片 。
冲积相地层 （ Qpal ） 主要 分布 在 本 区 山前冲积扇地带 ， 埋深 -70m至-150m ， 层厚 约 50m ， 岩性 在 扇顶 部位 为 砾卵石 、 砂砾石层 （ 砾径 2-5mm ， 局部 150mm ， 石英岩砾 为主 ） ； 在 扇 中 向 西 ， 岩性 变 细 ， 以 中粗砂 、 中砂层 为主 ； 至 扇缘 为 细颗粒黏性土 。
（ 1 ） 青山向斜 位于 青山村 北部 ， 长 300m ， 宽 150m ， 北翼地层 产状 160°∠52° ， 南翼 地层 产状 350°∠25° 。
断裂 北起 胶南市苗家 以北 、 向 南 经 铁山 、 梁家庄 、 崖下 到 塔山 东南 ， 在 冯家坊 一带 与 日照-青岛断裂 相交 。
沿 区域性 北东向 断裂带 呈 岩墙状侵入 。
（ 二 ） 构造剥蚀低山丘陵区 。
海湾 中西部 沉积中心 基本 位于 湾中心 ， 与 两岸 距离 相差 不大 ， 湾东岸 沉积中心 靠近 东岸 ， 形成 以 湾口 北 为 顶点 的 “V”型分布 中心 。
Ⅱ ： 碎粉岩带 ， 位于 糜棱岩带 的 外侧 ， 宽 5~10m ， 为 碎裂岩 ， 碎粉岩 。
莱西市牛溪埠 一带 八亩地组 与 下伏 曲格庄组不整合接触 ， 与 上覆 王氏群林家庄组不整合接触 ， 石前庄组 呈 楔状 、 透镜状产 于 其中 ， 八亩地组 主要 岩性 为 中基性火山碎屑岩夹安山岩 、 橄榄玄武岩 等 ， 厚度 332.41m 。
航片 上 大都 有 清晰 的 线性构造 显示 ， 在 物探 和 遥感资料 上 也 多 有 显示 ， 地貌 上 大都 发育 在 正 、 负 地形 的 交界处 。
至 全新世 ， 向塘～莲塘 一带 ， 地壳 相对 缓慢 抬升 ， 抚河 与 赣江 又 分道 向 东西两侧 迁移 ， 据 水文地质大队 搜集 的 长江水利委员会 二等 水准测量资料 表明 ， 南昌县小兰 至 老福山 一带 有 一 小 沉降区 ， 其中 小兰地区 1955年 至 1977年 间 平均 沉降 速率 为 ～0.474mm /年 。
其 原岩 为 灰岩 、 富镁泥灰岩夹粘土岩 ， 反映 较 稳定 的 浅海沉积环境 。
根据 构造地层 分区 及 岩石地层单位群 、 组建立 原则 ， 仅 出露 莲荷组 与 河口组 两个 组 。
在 团岛 与 黄岛 中间 一线 ， 有 一 个 沉积厚度 的 剧变区 ， 自 0m突变 为 20~40m ， 但 范围 较窄 ， 呈 南北向 线状展布 ， 北薄 南 厚 。
5 . 寒武系炒米店组 （ ∈c^ ） 。
第二节 ， 地层 。
据 瀛上-老鹰脑实测剖面资料 ， 以 糜棱混合片麻岩 （ 或 花岗质糜棱混合片麻岩 ） 及 糜棱化混合片麻岩 （ 图 3- 2 、 图 3- 3 ） 为主 ， 次 为 糜棱化条痕状混合岩 和 糜棱化绢云千枚岩 。
晚更新世太子河冲积扇加积时期 。
其 岩石 类型 为 中细粒二长黑云花岗岩 ， 呈 岩瘤状 产出 ， 椭形态 不 规则 。
仅 零星 出露 于 碟子湖王家楼 、 龙和团 等 地区 。
8 、 杜村组 （ Kd ） 分布 于 胶州市 南部 ， 出露 面积 小 。
区 内 的 主要 片岩 类型 有 白云母微晶片岩 、 二云母微晶片岩 、 云母石英片岩 、 石英云母片岩 。
（ 2 ） 黄山口背斜 位于 黄山褶皱 的 南部 ， 与 黑尖子向斜 平行 展布 ， 长 1000m ， 宽 200m ， 北翼地层 产状 335°∠62° ， 南翼地层 产状 145°∠70° ， 轴面 产状 150°∠85° ， 枢纽 60°∠13° ， 翼间角 ∠ 50° ， 为 轴迹 60° 倾伏 的 歪斜褶皱 。
基质 粒径 普遍 小于 0.5毫米 ， 定向排列 或 绕 碎斑弯曲 定向排列 。
林寺山组 多 发育 于 盆地 边部 ， 属 冲洪积扇沉积 。
2 . 五莲-青岛断裂带 。
另 据 有关 资料 ， 南昌地区 自 公元 319年 至 1949年 ， 曾 发生 过 13次 有感弱震 （ 据 地方志 记载 ) 。
泉眼背-山咀子断裂 ： 近 EW 向 的 弧形断裂 ， 向 南 陡 倾 。
在 工作区 分布 范围 基本 与 张夏组 相同 ， 厚 40-70m 。
断裂 切割 莱阳群 、 青山群 ， 并 被 北东向 断裂 切割 。
瀛上-鱼目山-前山砖瓦厂断层 ： 展布 于 瀛上 、 鱼目山 、 前山 及 石头池伍家 等 地 。
下全新统 以 冲洪积层 （ Qh1pal ） 为主 ， 分布 在 西部 平原区 及 东部 低山丘陵区河流 一级阶地 上 ， 岩性 为 土黄色粉砂 、 黄褐色粉砂质泥 、 土黄色亚砂土 、 灰黑色粉质黏土 、 棕黄色砂砾石 ， 总 厚度 约 15m 。
该 断裂 具 多期 活动 ， 带 内 断层泥 发育 ， 表明 具 压性特征 ； 次棱角状构造角砾岩 及 断裂上盘断陷 形成 洼地 ， 表明 为 张性活动 ， 形成 北高 、 南 低 的 地形地貌 及 上层位 胶州组 及 第四系下落 直接 与 红土崖组 接触 ， 断面 擦痕产状 ， 指示 左旋张性运动 ， 擦痕产状
分布 在 太子河流域 ， 小屯 、 寒岭 、 唐家堡子 一带 ， 小屯 一带 厚 约 80m ， 下部 以 变质 （ 含砾 ） 长石石英砂岩夹海绿石石英砂岩 、 泥质粉砂岩 为主 ， 夹 变质石英砂岩 、 石英质砾岩 和 变质含砾不等粒杂砂岩 等 ， 底部 具 变质底砾岩 ； 上部 以 巨厚层变质 （ 含砾 ） 石英砂岩 、 灰绿色薄-中厚层 与 上覆 青白口系南芬组 （ Qbn ） 呈 整合接触 。
1 . 石炭系本溪组 （ Cb ） 。
沧口断裂 具有 长期 、 多期 活动 历史 ， 其 活动 其次 至少 可 分出 五期 ： 第一期 ， 张性活动期 ； 第二期 ， 左行压扭性活动期 ； 第三期 ， 张性活动期 ； 第四期 ， 右行压扭性活动期 ； 第五期 ， 张性活动期 。
2 、 岩浆侵位 有关 的 岩脉 。
总体 上 ， 在 西部 平原区 以 河流 相 为主 ， 厚度 由 山前 至 西 逐渐 加大 ； 东部 低山 、 丘陵区第四系 不 发育 ， 主要 在 河谷区 呈 条带状 分布 ， 厚度 一般 数米 至 十多米 ， 根据 本 次 调查 成果 和 已有 资料 ， 总结 具体 特性 如下 ：
钾长石 50% ； 斜长石 59% ； 石英 48% ； 黑云母 1% ； 磁铁矿 微量 ； 斜长石 2% ； 石英脉 （ 2% ） 。
南昌 地处 赣江抚河尾闾 ， 东北 滨 临 鄱阳湖 ， 西北 为 梅岭山地 。
从 物探 及 卫片资料 分析 ， 断裂带 深部 具有 较大 规模 。
前者 为 糜棱岩系岩石 在 剪切作用 的 热效应 影响 下 ， 由 静态重结晶作用 而 成 ； 后者 最 显著 的 特点 是 岩石 中 矿物 发生 强烈 的 塑形流变 ， 而 产生 流动构造 。
（ 一 ） 北东向 断裂 。
瓦屋夼组 分布 比较 局限 ， 属 盆地 早期 局部 洼陷沉积 。
岩性 主要 为 白云岩大理岩 、 方解大理岩 及 二云石英片岩 、 石英岩 、 二长变粒岩 、 含电气黑云斜长变粒岩 及 更长变粒岩 ， 局部 夹 大理岩 、 石英斜长方解大理岩夹绿泥白云斜长变粒岩 等 。
位于 区 内 的 中、 低山区 ， 以 构造作用 为主 ， 受 长期 强烈 剥蚀切割作用 ， 一般 标高 为 500~1000m ， 切割深度 大于 500m ， 主要 分布 在 崂山 、 大小珠山 、 铁镢山 、 大泽山 等 地 ， 山体 主要 由 花岗岩 组成 ， 山峰 陡峻 ， 呈 尖脊状 ， 谷深壁 陡 呈 “V”字型 ， 谷底堆积物 不 发育 ， 基岩 裸露 。
1 、 林家庄组 （ Klj ） 发育 于 平度市古岗镇 、 莱西市牛溪埠 、 莱阳群市柏林庄 及 海阳市发城镇 一带 。
断面 北西 倾 ， 倾角 45°~ 88° ， 在 北九水 一带 见 分支现象 。
该 断裂 在 焦家庄子 以东 沿 胶莱盆地 的 南部 边缘 展布 ： 南盘 为 胶南-威海造山带变质结晶基底岩系 ， 并 有 同 方向 的 石门-薛家庄韧性变形带 近 平行展布 ； 北盘 为 莱阳群 。
洼里-丰城 一带 ， 由 南向北 常 夹 有 球粒流纹岩 、 流纹质角砾熔岩 、 砂岩 及 粉砂岩 ， 厚度 224.4m ， 与 下伏 曲格庄组 角度不整合接触 ； 即墨区莲花山 一带 ， 夹 流纹质火山角砾岩 、 玄武粗安岩 、 玄武粗安质集块岩 及 砂砾岩 ， 厚度 < 391.5m ， 与 下伏 曲格庄组 或 杨家庄组 角度不整合
岩性 呈 “二元结构” ， 主要 由 一套灰黑色粉砂质泥 和 含砾粗灰白色砂砾石 及 淤泥夹层 组成 ， 交错层理 发育 ， 富含 黑色腐殖质 ， 厚 0.5-4.5m 。
另外 在 该 层 中 有 4个 > 2.5Φ粒径 的 砂质组分 含量 较高 的 区段 ， 分别 为 0.0~0.2m 、 0.7~1.0m 、 4.1~4.3m 和 7.5~7.8m 。
下伏 地层 为 含钙质结核 的 砂质粘土层 ， 其间 为 不整合界面 。
南昌市规划区 位于 扬子地层区 的 南缘 ， 地处 九岭隆起 与 萍(乡)—乐(平)拗陷带 的 接触 地段 。
其下 与 上白垩纪龟峰群 呈 整合接触 ， 局部 地区 ， 尚 可 超覆沉积 于 万年群程源组 之上 。
Ⅰ ： 碎裂岩带 ， 为 断裂带 的 南东部 ， 宽 15m ， 内 为 碎裂岩 ， 发育 330°∠82°断面 ， 碎裂岩 中 出现 节理 并 被 牵引 发生 弯曲 。
与 上覆 南华系康家组 （ Nhk ） 呈 整合接触 。
根据 上述 情况 分析 ， 该 断裂带 的 形成 及其 力学性质 是 极为 复杂 的 ， 早期系 由 南东向 北西方向 逆冲 ， 晚期 逆冲 方向 恰恰 相反 。
1 、 后夼组 （ Kh ） 主要 分布 于 即墨区 一带 ， 另 外 胶州市河套镇 一带 也 有 少量 出露 。
据 岩性特征 、 时代 及 成因类型 ， 区 内 第四纪地层 划分 为 10个 组级地层单位 。
黑土湖组 在 山地丘陵区 常 直接 覆 于 基岩 之上 ， 与 山前组 常 呈 渐变过渡关系 。
1 、 岩石 特征 （ 1 ） 通海变辉石橄榄岩 （ 蛇纹岩 ） （ Chσ ） 岩石 化学成分 与 戴里纯橄榄岩值 相比 ， SiO 、 AlO 、 FeO +FeO 略 高 ， MgO 、 CaO 略 低 ， 属 超基性岩类 ； 里特曼指数 远 小于 1.8 ， 属 钙碱性系列岩石 ； 固结指数 远 大于 40 ， 分异指数 较小 ， 显示 岩石 为 幔源岩浆 直接 结晶 的 ， 且 分异程度 很低 ， 氧化率 反映 其 就 位于 较浅 的 相对氧化环境 。
从 区域资料 分析 ， 具 一定 规模 的 近 东西向 断裂 是 区 内 形成 较早 的 断裂 ， 并 显示 张性特征 ， 多 伴有 中基性岩浆活动 。
故 该 韧性剪切带 应 发生 于 花岗岩体 边缘交代混合作用 后 。
前者 隐伏 于 辽阳市 西部 平原区 ， 形成 于 早先寒武纪 ， 为 区 内 主干 断裂 之一 ， 走向 NE ； 后者 出露 于 辽阳市 中 南部 首山-弓长岭-寒岭 一带 ， 活动 于 晚三叠世-早白垩世 ， 控制 了 鞍 、 辽-本地区 现今 各 时代 地质体 的 空间 分布 。
断裂 总体 走向 65° ， 倾向 NNW ， 倾角 65°～80° 。
斜长石 ， 粒径 1～3.2mm ， An=±属更长石 ， 半自形板状 ； 石英 ： 粒径 1～3mm ， 普遍 波状消光 ， 裂纹 发育 ； 钾长石 ： 粒径 1.3～2.6mm ， 它形粒状 。
钾长石 呈 它形粒状 ； 具 条状结构 ， 为 微斜长石 ， 条纹 发育 。
该 带 是 由 一系列 不同 时代 、 不同 来源 、 不同 构造变形型式 的 构造岩片 堆叠 而 成 的 构造混杂物质场 。
向 东北方向 经 赫官庄 、 由 红石崖 进入 胶州湾 ， 据 有关 资料 分析 ， 过 胶州湾 后 可 与 朱吴断裂 链接 。
细粒白云母二长花岗岩 主要 大沙田 ( 大沙田 地名 ， 位于 向坊幅 内 ) 岩体 组成 。
（ 一 ） 新太古界 。
（ 2 ） 九岭隆起 。
北东向 牟平-即墨断裂系统 是 区 内 最 醒目 的 线性构造 ， 东西向 断裂 ， 常 被 其 切割 ， 北西向 断裂 形成 时代 晚 ， 常 受 其 限制 。
分带 不 明显 ， 据 梅岭公路 旁 侧 观察 ， 中部 为 强糜棱岩化带 ， 两侧 渐 变为 弱糜棱岩化带 。
区 内 主要 有 三个 较大 的 山系 ： 一个 是 东南 的 崂山山脉 ， 主峰 海拔 1132.7m ， 山势 陡峻 ， 向 西南 绵延 至 青岛 市区 ， 北 至 即墨市 东 北部 ， 为 山东省第三高峰 ； 另 一个 是 北部 的 大泽山山脉 ， 主峰 海拔 736.7m ； 再 就 是 区 内 西南部 的 大 、 小珠山 、 铁镢山 等 组成 的 胶南山群 ， 主峰 海拔 724.9m 。
祥山变粒岩段 主要 岩性 为 黑云变粒岩 、 透辉透闪岩 、 透闪变粒岩 及 浅粒岩 、 角闪黑云变粒岩 、 斜长角闪岩 等 ， 局部 夹 大理岩 ， 层厚 约 700m ； 定国寺大理岩段 主要 岩性 为 白云石大理岩 、 蛇纹石化大理岩夹肉红色大理岩 及 浅粒岩薄层 ， 层厚 约 600m 。
与 上覆 里尔峪组 （ Ptlr ） 呈 整合接触关系 。
1 . 鞍山岩群茨沟组 （ Arc ） 。
1 、 英云闪长岩 ( γδοPt1b-1 )
角闪片岩 、 二云石英片岩 、 黑云变粒岩 、 浅粒岩 、 二云变粒岩夹磁铁石英岩扁豆体 ， 角闪变粒岩 等 。
上更新统上段 ： 该 段 的 岩性 以 砾砂 、 中粗砂 、 细砂 、 砂质粘土 为主 ， 局部 含 铁染 和 植物 的 根系物 ， 表层 含 较多 的 钙质结核 。
1 . 青白口系钓鱼台组 （ Qbd ） 。
7.44m 以上 为 灰色 ， 7.44m 以下 为 深灰色 ， 有机质 含量 较 上端 为 高 ； 软塑－可塑 ， 饱和 ， 岩性 均匀 ； 含水量 向下 减小 ， 局部 见 有机质富集条带 。
二 、 接触变质岩 。
与 上覆 寒武系碱厂组 （ ∈j ） 呈 平行不整合接触 。
（ 二 ） 构造形迹 。
晚更新世 ， 东西部 均 相对 抬升 ， 中部 相对 下降 ， 故 当时 的 古赣江河道 和 古抚河河道 ， 可能 汇集 于 向塘～莲塘 一带 ， 从而 形成 了 上更新统莲塘组 。
7 . 日照-青岛断裂 。
4 、 水南组 （ Kŝ ） 主要 分布 于 莱阳-海阳 一带 。
其中 ， 绢云母 为 主要 成分 ， 含量 多 在 50～90% 左右 。
黏性土层 多 含有 铁锰结核 ， 由 山前 至 平原 区 逐渐 增厚 ； 在 东京陵 至 沙浒 、 铧子 一带 ， 分布 有 厚 约 7m 褐色黄土层 。
Ⅱ ： 碎裂岩化带 ， 构成 断裂带 的 主体 ， 宽 45m ， 主体 岩性 为 碎裂岩化中碱长花岗岩 。
本 工作区 仅 出露 田庄-许家官庄段 的 一部分 。
该 组 时代 跨度 较大 ， 横向 上 常 与 黑土湖组 、 大站组 等 过渡 。
位于 胶州市上马镇 一带 ， 呈 近 东西向 走向 ， 长 22.5km ， 宽 9km ， 为 一 宽 缓向斜构造 。
区 内 糜棱岩类 有 四种 岩石 类型 ， 现 分述 如下 ： ① 超糜棱岩 ： 岩石 具 糜棱结构 ， 流状构造 。
物探资料 也 有 北东向 的 磁异常带 出现 。
4 、 凸起 、 凹陷 。
本 岩体 因 受 韧性剪切作用 ， 具 韧性变形特征 ， 岩石 中 暗色包裹体 被 拉长 呈 拉伸线理 ， 黑云母 等 等 片状矿物 呈 条带状 围绕 长英质碎斑 具 定向排列 。
南昌规划区 内 南东 的 广大 地区 ， 为 一 白垩纪 以来 的 断陷盆地 ， 它 属 鄱阳断 ( 或 拗〉陷盆地 的 一部分 。
位于 新建县 北北东16km 之 乐化-李家边 一带 ， 沿 北东向 断裂带 呈 岩墙状断续 出露 ， 长 约 7km ， 宽 约 200～400m 不等 。
在 本 工作区 主要 以 北北西向 断裂 为主 。
根据 钻孔资料 ， 结合 其它 调查 成果 ， 对 第四纪地层 研究 与 描述 。
